0 info it worked if it ends with ok
1 verbose cli [ '/home/andy/.asdf/installs/nodejs/6.9.0/bin/node',
1 verbose cli   '/home/andy/.asdf/installs/nodejs/6.9.0/bin/npm',
1 verbose cli   'run',
1 verbose cli   'build' ]
2 info using npm@3.10.8
3 info using node@v6.9.0
4 verbose run-script [ 'prebuild', 'build', 'postbuild' ]
5 info lifecycle ExpressionEngine-Docs@~prebuild: ExpressionEngine-Docs@
6 silly lifecycle ExpressionEngine-Docs@~prebuild: no script for prebuild, continuing
7 info lifecycle ExpressionEngine-Docs@~build: ExpressionEngine-Docs@
8 verbose lifecycle ExpressionEngine-Docs@~build: unsafe-perm in lifecycle true
9 verbose lifecycle ExpressionEngine-Docs@~build: PATH: /home/andy/.asdf/installs/nodejs/6.9.0/lib/node_modules/npm/bin/node-gyp-bin:/home/andy/www/eedocs/node_modules/.bin:/home/andy/.asdf/installs/nodejs/6.9.0/bin:/home/andy/.asdf/installs/nodejs/6.9.0/.npm/bin:/home/andy/.asdf/shims:/home/andy/.asdf/bin:/home/linuxbrew/.linuxbrew/bin:/usr/local/sbin:/usr/local/bin:/usr/sbin:/usr/bin:/sbin:/bin:/usr/games:/usr/local/games:/snap/bin
10 verbose lifecycle ExpressionEngine-Docs@~build: CWD: /home/andy/www/eedocs
11 silly lifecycle ExpressionEngine-Docs@~build: Args: [ '-c', 'node ./scripts/cli.js' ]
12 silly lifecycle ExpressionEngine-Docs@~build: Returned: code: 1  signal: null
13 info lifecycle ExpressionEngine-Docs@~build: Failed to exec build script
14 verbose stack Error: ExpressionEngine-Docs@ build: `node ./scripts/cli.js`
14 verbose stack Exit status 1
14 verbose stack     at EventEmitter.<anonymous> (/home/andy/.asdf/installs/nodejs/6.9.0/lib/node_modules/npm/lib/utils/lifecycle.js:255:16)
14 verbose stack     at emitTwo (events.js:106:13)
14 verbose stack     at EventEmitter.emit (events.js:191:7)
14 verbose stack     at ChildProcess.<anonymous> (/home/andy/.asdf/installs/nodejs/6.9.0/lib/node_modules/npm/lib/utils/spawn.js:40:14)
14 verbose stack     at emitTwo (events.js:106:13)
14 verbose stack     at ChildProcess.emit (events.js:191:7)
14 verbose stack     at maybeClose (internal/child_process.js:877:16)
14 verbose stack     at Process.ChildProcess._handle.onexit (internal/child_process.js:226:5)
15 verbose pkgid ExpressionEngine-Docs@
16 verbose cwd /home/andy/www/eedocs
17 error Linux 4.15.0-115-generic
18 error argv "/home/andy/.asdf/installs/nodejs/6.9.0/bin/node" "/home/andy/.asdf/installs/nodejs/6.9.0/bin/npm" "run" "build"
19 error node v6.9.0
20 error npm  v3.10.8
21 error code ELIFECYCLE
22 error ExpressionEngine-Docs@ build: `node ./scripts/cli.js`
22 error Exit status 1
23 error Failed at the ExpressionEngine-Docs@ build script 'node ./scripts/cli.js'.
23 error Make sure you have the latest version of node.js and npm installed.
23 error If you do, this is most likely a problem with the ExpressionEngine-Docs package,
23 error not with npm itself.
23 error Tell the author that this fails on your system:
23 error     node ./scripts/cli.js
23 error You can get information on how to open an issue for this project with:
23 error     npm bugs ExpressionEngine-Docs
23 error Or if that isn't available, you can get their info via:
23 error     npm owner ls ExpressionEngine-Docs
23 error There is likely additional logging output above.
24 verbose exit [ 1, true ]
